<?xml version="1.0" encoding="UTF-8"?>
<!-- Generated by org.testng.reporters.JUnitReportReporter -->
<testsuite skipped="0" hostname="DESKTOP-40O6QBC" name="SumValidation" tests="1" failures="0" timestamp="02 Apr 2020 18:16:35 GMT" time="1.153" errors="0">
  <testcase name="sumOfcourses" time="1.153" classname="SumValidation"/>
</testsuite> <!-- SumValidation -->
