<?xml version="1.0" encoding="UTF-8"?>
<!-- Generated by org.testng.reporters.JUnitReportReporter -->
<testsuite skipped="0" hostname="DESKTOP-40O6QBC" name="File.DynamicJson" tests="3" failures="0" timestamp="02 Apr 2020 18:16:47 GMT" time="5.189" errors="0">
  <testcase name="addBook" time="0.882" classname="File.DynamicJson"/>
  <testcase name="addBook" time="1.308" classname="File.DynamicJson"/>
  <testcase name="addBook" time="2.999" classname="File.DynamicJson"/>
</testsuite> <!-- File.DynamicJson -->
